#
# There is insufficient memory for the Java Runtime Environment to continue.
# Native memory allocation (mmap) failed to map 398458880 bytes for G1 virtual space
# Possible reasons:
#   The system is out of physical RAM or swap space
#   The process is running with CompressedOops enabled, and the Java Heap may be blocking the growth of the native heap
# Possible solutions:
#   Reduce memory load on the system
#   Increase physical memory or swap space
#   Check if swap backing store is full
#   Decrease Java heap size (-Xmx/-Xms)
#   Decrease number of Java threads
#   Decrease Java thread stack sizes (-Xss)
#   Set larger code cache with -XX:ReservedCodeCacheSize=
#   JVM is running with Zero Based Compressed Oops mode in which the Java heap is
#     placed in the first 32GB address space. The Java Heap base address is the
#     maximum limit for the native heap growth. Please use -XX:HeapBaseMinAddress
#     to set the Java Heap base and to place the Java Heap above 32GB virtual address.
# This output file may be truncated or incomplete.
#
#  Out of Memory Error (os_windows.cpp:3528), pid=904, tid=17356
#
# JRE version:  (20.0.1+9) (build )
# Java VM: OpenJDK 64-Bit Server VM (20.0.1+9-29, mixed mode, sharing, tiered, compressed oops, compressed class ptrs, g1 gc, windows-amd64)
# No core dump will be written. Minidumps are not enabled by default on client versions of Windows
#

---------------  S U M M A R Y ------------

Command Line: -javaagent:C:\Program Files\JetBrains\IntelliJ IDEA 2023.1.4\lib\idea_rt.jar=57202:C:\Program Files\JetBrains\IntelliJ IDEA 2023.1.4\bin -Dfile.encoding=UTF-8 -Dsun.stdout.encoding=UTF-8 -Dsun.stderr.encoding=UTF-8 IAmatriz.Interfaz

Host: 12th Gen Intel(R) Core(TM) i5-1235U, 12 cores, 23G,  Windows 11 , 64 bit Build 22621 (10.0.22621.3958)
Time: Sun Oct 27 16:01:48 2024 Hora estándar central (México) elapsed time: 0.009243 seconds (0d 0h 0m 0s)

---------------  T H R E A D  ---------------

Current thread (0x00000153793bcb90):  JavaThread "Unknown thread" [_thread_in_vm, id=17356, stack(0x0000005281500000,0x0000005281600000)]

Stack: [0x0000005281500000,0x0000005281600000]
Native frames: (J=compiled Java code, j=interpreted, Vv=VM code, C=native code)
V  [jvm.dll+0x6bb95a]
V  [jvm.dll+0x8485fa]
V  [jvm.dll+0x84a1f5]
V  [jvm.dll+0x84a8f3]
V  [jvm.dll+0x280b0f]
V  [jvm.dll+0x6b86e9]
V  [jvm.dll+0x6ad2da]
V  [jvm.dll+0x35adf5]
V  [jvm.dll+0x363016]
V  [jvm.dll+0x3b3b3e]
V  [jvm.dll+0x3b3dc5]
V  [jvm.dll+0x32b50a]
V  [jvm.dll+0x32c32b]
V  [jvm.dll+0x8112bf]
V  [jvm.dll+0x3c0d91]
V  [jvm.dll+0x7fcfe3]
V  [jvm.dll+0x44c76f]
V  [jvm.dll+0x44e0e1]
C  [jli.dll+0x5287]
C  [ucrtbase.dll+0x29333]
C  [KERNEL32.DLL+0x1257d]
C  [ntdll.dll+0x5af08]


---------------  P R O C E S S  ---------------

Threads class SMR info:
_java_thread_list=0x00007ffa219ba098, length=0, elements={
}

Java Threads: ( => current thread )

Other Threads:
  0x000001537944ce50 WorkerThread "GC Thread#0" [stack: 0x0000005281600000,0x0000005281700000] [id=27908]
  0x0000015379459ee0 ConcurrentGCThread "G1 Main Marker" [stack: 0x0000005281700000,0x0000005281800000] [id=21812]
  0x000001537945b0b0 WorkerThread "G1 Conc#0" [stack: 0x0000005281800000,0x0000005281900000] [id=12672]

[error occurred during error reporting (printing all threads), id 0xc0000005, EXCEPTION_ACCESS_VIOLATION (0xc0000005) at pc=0x00007ffa2119eb47]
VM state: not at safepoint (not fully initialized)

VM Mutex/Monitor currently owned by a thread:  ([mutex/lock_event])
[0x00000153793b8f80] Heap_lock - owner thread: 0x00000153793bcb90

Heap address: 0x0000000684400000, size: 6076 MB, Compressed Oops mode: Zero based, Oop shift amount: 3

CDS archive(s) mapped at: [0x0000000000000000-0x0000000000000000-0x0000000000000000), size 0, SharedBaseAddress: 0x0000000800000000, ArchiveRelocationMode: 0.
Narrow klass base: 0x0000000000000000, Narrow klass shift: 0, Narrow klass range: 0x0

GC Precious Log:
 CardTable entry size: 512
 Card Set container configuration: InlinePtr #cards 4 size 8 Array Of Cards #cards 32 size 80 Howl #buckets 8 coarsen threshold 7372 Howl Bitmap #cards 1024 size 144 coarsen threshold 921 Card regions per heap region 1 cards per card region 8192

Heap:
 garbage-first heap   total 0K, used 0K [0x0000000684400000, 0x0000000800000000)
  region size 4096K, 0 young (0K), 0 survivors (0K)

[error occurred during error reporting (printing heap information), id 0xc0000005, EXCEPTION_ACCESS_VIOLATION (0xc0000005) at pc=0x00007ffa21573c59]
GC Heap History (0 events):
No events

Dll operation events (1 events):
Event: 0.005 Loaded shared library C:\Users\dehr2\.jdks\openjdk-20.0.1\bin\java.dll

Deoptimization events (0 events):
No events

Classes loaded (0 events):
No events

Classes unloaded (0 events):
No events

Classes redefined (0 events):
No events

Internal exceptions (0 events):
No events

VM Operations (0 events):
No events

Events (0 events):
No events


Dynamic libraries:
0x00007ff677cb0000 - 0x00007ff677cbe000 	C:\Users\dehr2\.jdks\openjdk-20.0.1\bin\java.exe
0x00007ffa8fcf0000 - 0x00007ffa8ff07000 	C:\Windows\SYSTEM32\ntdll.dll
0x00007ffa8e760000 - 0x00007ffa8e824000 	C:\Windows\System32\KERNEL32.DLL
0x00007ffa8d310000 - 0x00007ffa8d6c7000 	C:\Windows\System32\KERNELBASE.dll
0x00007ffa8d0d0000 - 0x00007ffa8d1e1000 	C:\Windows\System32\ucrtbase.dll
0x00007ffa85120000 - 0x00007ffa8513b000 	C:\Users\dehr2\.jdks\openjdk-20.0.1\bin\VCRUNTIME140.dll
0x00007ffa86980000 - 0x00007ffa86997000 	C:\Users\dehr2\.jdks\openjdk-20.0.1\bin\jli.dll
0x00007ffa8e120000 - 0x00007ffa8e2cf000 	C:\Windows\System32\USER32.dll
0x00007ffa8d6d0000 - 0x00007ffa8d6f6000 	C:\Windows\System32\win32u.dll
0x00007ffa8ded0000 - 0x00007ffa8def9000 	C:\Windows\System32\GDI32.dll
0x00007ffa8d1f0000 - 0x00007ffa8d308000 	C:\Windows\System32\gdi32full.dll
0x00007ffa67640000 - 0x00007ffa678d3000 	C:\Windows\WinSxS\amd64_microsoft.windows.common-controls_6595b64144ccf1df_6.0.22621.3672_none_2713b9d173822955\COMCTL32.dll
0x00007ffa8d000000 - 0x00007ffa8d09a000 	C:\Windows\System32\msvcp_win.dll
0x00007ffa8f400000 - 0x00007ffa8f4a7000 	C:\Windows\System32\msvcrt.dll
0x00007ffa8de20000 - 0x00007ffa8de51000 	C:\Windows\System32\IMM32.DLL
0x00007ffa86970000 - 0x00007ffa8697c000 	C:\Users\dehr2\.jdks\openjdk-20.0.1\bin\vcruntime140_1.dll
0x00007ffa61e10000 - 0x00007ffa61e9e000 	C:\Users\dehr2\.jdks\openjdk-20.0.1\bin\msvcp140.dll
0x00007ffa20e60000 - 0x00007ffa21af7000 	C:\Users\dehr2\.jdks\openjdk-20.0.1\bin\server\jvm.dll
0x00007ffa8df00000 - 0x00007ffa8dfb2000 	C:\Windows\System32\ADVAPI32.dll
0x00007ffa8dfc0000 - 0x00007ffa8e068000 	C:\Windows\System32\sechost.dll
0x00007ffa8d0a0000 - 0x00007ffa8d0c8000 	C:\Windows\System32\bcrypt.dll
0x00007ffa8ea70000 - 0x00007ffa8eb84000 	C:\Windows\System32\RPCRT4.dll
0x00007ffa86790000 - 0x00007ffa867c4000 	C:\Windows\SYSTEM32\WINMM.dll
0x00007ffa832e0000 - 0x00007ffa832e9000 	C:\Windows\SYSTEM32\WSOCK32.dll
0x00007ffa836f0000 - 0x00007ffa836fa000 	C:\Windows\SYSTEM32\VERSION.dll
0x00007ffa8e0a0000 - 0x00007ffa8e111000 	C:\Windows\System32\WS2_32.dll
0x00007ffa8c010000 - 0x00007ffa8c028000 	C:\Windows\SYSTEM32\kernel.appcore.dll
0x00007ffa85510000 - 0x00007ffa8551a000 	C:\Users\dehr2\.jdks\openjdk-20.0.1\bin\jimage.dll
0x00007ffa8a3a0000 - 0x00007ffa8a5d2000 	C:\Windows\SYSTEM32\DBGHELP.DLL
0x00007ffa8f720000 - 0x00007ffa8faae000 	C:\Windows\System32\combase.dll
0x00007ffa8fbc0000 - 0x00007ffa8fc97000 	C:\Windows\System32\OLEAUT32.dll
0x00007ffa86410000 - 0x00007ffa86442000 	C:\Windows\SYSTEM32\dbgcore.DLL
0x00007ffa8d8e0000 - 0x00007ffa8d95b000 	C:\Windows\System32\bcryptPrimitives.dll
0x00007ffa83cf0000 - 0x00007ffa83cfe000 	C:\Users\dehr2\.jdks\openjdk-20.0.1\bin\instrument.dll
0x00007ffa84150000 - 0x00007ffa84176000 	C:\Users\dehr2\.jdks\openjdk-20.0.1\bin\java.dll

dbghelp: loaded successfully - version: 4.0.5 - missing functions: none
symbol engine: initialized successfully - sym options: 0x614 - pdb path: .;C:\Users\dehr2\.jdks\openjdk-20.0.1\bin;C:\Windows\SYSTEM32;C:\Windows\WinSxS\amd64_microsoft.windows.common-controls_6595b64144ccf1df_6.0.22621.3672_none_2713b9d173822955;C:\Users\dehr2\.jdks\openjdk-20.0.1\bin\server

VM Arguments:
jvm_args: -javaagent:C:\Program Files\JetBrains\IntelliJ IDEA 2023.1.4\lib\idea_rt.jar=57202:C:\Program Files\JetBrains\IntelliJ IDEA 2023.1.4\bin -Dfile.encoding=UTF-8 -Dsun.stdout.encoding=UTF-8 -Dsun.stderr.encoding=UTF-8 
java_command: IAmatriz.Interfaz
java_class_path (initial): C:\Users\dehr2\OneDrive\Proyectos\Java\Practicas\AgrupamientoClustering\out\production\AgrupamientoClustering;C:\Users\dehr2\Downloads\flatlaf-3.5.2.jar
Launcher Type: SUN_STANDARD

[Global flags]
     intx CICompilerCount                          = 4                                         {product} {ergonomic}
     uint ConcGCThreads                            = 3                                         {product} {ergonomic}
     uint G1ConcRefinementThreads                  = 10                                        {product} {ergonomic}
   size_t G1HeapRegionSize                         = 4194304                                   {product} {ergonomic}
    uintx GCDrainStackTargetSize                   = 64                                        {product} {ergonomic}
   size_t InitialHeapSize                          = 398458880                                 {product} {ergonomic}
   size_t MarkStackSize                            = 4194304                                   {product} {ergonomic}
   size_t MaxHeapSize                              = 6371147776                                {product} {ergonomic}
   size_t MinHeapDeltaBytes                        = 4194304                                   {product} {ergonomic}
   size_t MinHeapSize                              = 8388608                                   {product} {ergonomic}
    uintx NonNMethodCodeHeapSize                   = 5839372                                {pd product} {ergonomic}
    uintx NonProfiledCodeHeapSize                  = 122909434                              {pd product} {ergonomic}
    uintx ProfiledCodeHeapSize                     = 122909434                              {pd product} {ergonomic}
    uintx ReservedCodeCacheSize                    = 251658240                              {pd product} {ergonomic}
     bool SegmentedCodeCache                       = true                                      {product} {ergonomic}
   size_t SoftMaxHeapSize                          = 6371147776                             {manageable} {ergonomic}
     bool UseCompressedClassPointers               = true                           {product lp64_product} {ergonomic}
     bool UseCompressedOops                        = true                           {product lp64_product} {ergonomic}
     bool UseG1GC                                  = true                                      {product} {ergonomic}
     bool UseLargePagesIndividualAllocation        = false                                  {pd product} {ergonomic}

Logging:
Log output configuration:
 #0: stdout all=warning uptime,level,tags foldmultilines=false
 #1: stderr all=off uptime,level,tags foldmultilines=false

Environment Variables:
PATH=C:\Program Files\Common Files\Oracle\Java\javapath;C:\Program Files (x86)\Common Files\Oracle\Java\javapath;C:\Windows\system32;C:\Windows;C:\Windows\System32\Wbem;C:\Windows\System32\WindowsPowerShell\v1.0\;C:\Windows\System32\OpenSSH\;C:\ProgsProg\Git\cmd;C:\ProgsProg\Polyspace\R2019a\runtime\win64;C:\ProgsProg\Polyspace\R2019a\bin;C:\ProgsProg\Polyspace\R2019a\polyspace\bin;C:\ProgsProg\Flutter SDK\flutter\bin;C:\Users\dehr2\AppData\Local\Microsoft\WindowsApps;C:\ProgsProg\Microsoft VS Code\bin;C:\Users\dehr2\AppData\Local\JetBrains\Toolbox\scripts;
USERNAME=dehr2
OS=Windows_NT
PROCESSOR_IDENTIFIER=Intel64 Family 6 Model 154 Stepping 4, GenuineIntel
TMP=C:\Users\dehr2\AppData\Local\Temp
TEMP=C:\Users\dehr2\AppData\Local\Temp




---------------  S Y S T E M  ---------------

OS:
 Windows 11 , 64 bit Build 22621 (10.0.22621.3958)
OS uptime: 6 days 16:26 hours
Hyper-V role detected

CPU: total 12 (initial active 12) (6 cores per cpu, 2 threads per core) family 6 model 154 stepping 4 microcode 0x41f, cx8, cmov, fxsr, ht, mmx, 3dnowpref, sse, sse2, sse3, ssse3, sse4.1, sse4.2, popcnt, lzcnt, tsc, tscinvbit, avx, avx2, aes, erms, clmul, bmi1, bmi2, adx, sha, fma, vzeroupper, clflush, clflushopt, clwb, hv, serialize, rdtscp, rdpid, fsrm, f16c, cet_ibt, cet_ss

Memory: 4k page, system-wide physical 24300M (5065M free)
TotalPageFile size 78373M (AvailPageFile size 323M)
current process WorkingSet (physical memory assigned to process): 11M, peak: 11M
current process commit charge ("private bytes"): 64M, peak: 444M

vm_info: OpenJDK 64-Bit Server VM (20.0.1+9-29) for windows-amd64 JRE (20.0.1+9-29), built on 2023-03-07T13:56:11Z by "mach5one" with MS VC++ 17.1 (VS2022)

END.
